0 info it worked if it ends with ok
1 verbose cli [ 'node',
1 verbose cli   '/usr/local/bin/npm',
1 verbose cli   'install',
1 verbose cli   'body-parser',
1 verbose cli   '--save' ]
2 info using npm@1.4.28
3 info using node@v0.10.32
4 warn package.json restapi@0.0.1 No repository field.
5 warn package.json restapi@0.0.1 No README data
6 verbose readDependencies using package.json deps
7 verbose cache add [ 'body-parser', null ]
8 verbose cache add name=undefined spec="body-parser" args=["body-parser",null]
9 verbose parsed url { protocol: null,
9 verbose parsed url   slashes: null,
9 verbose parsed url   auth: null,
9 verbose parsed url   host: null,
9 verbose parsed url   port: null,
9 verbose parsed url   hostname: null,
9 verbose parsed url   hash: null,
9 verbose parsed url   search: null,
9 verbose parsed url   query: null,
9 verbose parsed url   pathname: 'body-parser',
9 verbose parsed url   path: 'body-parser',
9 verbose parsed url   href: 'body-parser' }
10 silly lockFile 14cf125c-body-parser body-parser
11 verbose lock body-parser /Users/mathieudeumie/.npm/14cf125c-body-parser.lock
12 silly lockFile 14cf125c-body-parser body-parser
13 silly lockFile 14cf125c-body-parser body-parser
14 verbose addNamed [ 'body-parser', '' ]
15 verbose addNamed [ null, '*' ]
16 silly lockFile 9f665704-body-parser body-parser@
17 verbose lock body-parser@ /Users/mathieudeumie/.npm/9f665704-body-parser.lock
18 silly addNameRange { name: 'body-parser', range: '*', hasData: false }
19 verbose request where is /body-parser
20 verbose request registry https://registry.npmjs.org/
21 verbose request id c530b6b3b136695d
22 verbose url raw /body-parser
23 verbose url resolving [ 'https://registry.npmjs.org/', './body-parser' ]
24 verbose url resolved https://registry.npmjs.org/body-parser
25 verbose request where is https://registry.npmjs.org/body-parser
26 info trying registry request attempt 1 at 15:39:52
27 verbose etag "4U91Q41SKBMFLBLVZNJ3AS7F8"
28 http GET https://registry.npmjs.org/body-parser
29 http 304 https://registry.npmjs.org/body-parser
30 silly registry.get cb [ 304,
30 silly registry.get   { date: 'Sat, 28 Feb 2015 14:39:52 GMT',
30 silly registry.get     server: 'Apache',
30 silly registry.get     via: '1.1 varnish',
30 silly registry.get     'last-modified': 'Sat, 28 Feb 2015 14:39:52 GMT',
30 silly registry.get     'cache-control': 'max-age=60',
30 silly registry.get     etag: '"4U91Q41SKBMFLBLVZNJ3AS7F8"',
30 silly registry.get     age: '34',
30 silly registry.get     'x-served-by': 'cache-fra1240-FRA',
30 silly registry.get     'x-cache': 'HIT',
30 silly registry.get     'x-cache-hits': '1',
30 silly registry.get     'x-timer': 'S1425134392.662746,VS0,VE1',
30 silly registry.get     vary: 'Accept',
30 silly registry.get     'content-length': '0',
30 silly registry.get     'keep-alive': 'timeout=10, max=50',
30 silly registry.get     connection: 'Keep-Alive' } ]
31 verbose etag https://registry.npmjs.org/body-parser from cache
32 silly addNameRange number 2 { name: 'body-parser', range: '*', hasData: true }
33 silly addNameRange versions [ 'body-parser',
33 silly addNameRange   [ '1.0.0',
33 silly addNameRange     '1.0.1',
33 silly addNameRange     '1.0.2',
33 silly addNameRange     '1.1.0',
33 silly addNameRange     '1.1.1',
33 silly addNameRange     '1.1.2',
33 silly addNameRange     '1.2.0',
33 silly addNameRange     '1.2.1',
33 silly addNameRange     '1.2.2',
33 silly addNameRange     '1.3.0',
33 silly addNameRange     '1.3.1',
33 silly addNameRange     '1.4.0',
33 silly addNameRange     '1.4.1',
33 silly addNameRange     '1.4.2',
33 silly addNameRange     '1.4.3',
33 silly addNameRange     '1.5.0',
33 silly addNameRange     '1.5.1',
33 silly addNameRange     '1.5.2',
33 silly addNameRange     '1.6.0',
33 silly addNameRange     '1.6.1',
33 silly addNameRange     '1.6.2',
33 silly addNameRange     '1.6.3',
33 silly addNameRange     '1.6.4',
33 silly addNameRange     '1.6.5',
33 silly addNameRange     '1.6.6',
33 silly addNameRange     '1.6.7',
33 silly addNameRange     '1.7.0',
33 silly addNameRange     '1.8.0',
33 silly addNameRange     '1.8.1',
33 silly addNameRange     '1.8.2',
33 silly addNameRange     '1.8.3',
33 silly addNameRange     '1.8.4',
33 silly addNameRange     '1.9.0',
33 silly addNameRange     '1.9.1',
33 silly addNameRange     '1.9.2',
33 silly addNameRange     '1.9.3',
33 silly addNameRange     '1.10.0',
33 silly addNameRange     '1.10.1',
33 silly addNameRange     '1.10.2',
33 silly addNameRange     '1.11.0',
33 silly addNameRange     '1.12.0' ] ]
34 verbose addNamed [ 'body-parser', '1.12.0' ]
35 verbose addNamed [ '1.12.0', '1.12.0' ]
36 silly lockFile 6c41bb2b-body-parser-1-12-0 body-parser@1.12.0
37 verbose lock body-parser@1.12.0 /Users/mathieudeumie/.npm/6c41bb2b-body-parser-1-12-0.lock
38 silly lockFile 361bacb6-dy-parser-body-parser-1-12-0-tgz https://registry.npmjs.org/body-parser/-/body-parser-1.12.0.tgz
39 verbose lock https://registry.npmjs.org/body-parser/-/body-parser-1.12.0.tgz /Users/mathieudeumie/.npm/361bacb6-dy-parser-body-parser-1-12-0-tgz.lock
40 verbose addRemoteTarball [ 'https://registry.npmjs.org/body-parser/-/body-parser-1.12.0.tgz',
40 verbose addRemoteTarball   '9750fc3cc1080b34a13d18c79840cd559979fce5' ]
41 info retry fetch attempt 1 at 15:39:52
42 verbose fetch to= /var/folders/th/002s020s7p90068y4zd0d3p80000gp/T/npm-20700-18ewd-p1/registry.npmjs.org/body-parser/-/body-parser-1.12.0.tgz
43 http GET https://registry.npmjs.org/body-parser/-/body-parser-1.12.0.tgz
44 http 200 https://registry.npmjs.org/body-parser/-/body-parser-1.12.0.tgz
45 silly lockFile 361bacb6-dy-parser-body-parser-1-12-0-tgz https://registry.npmjs.org/body-parser/-/body-parser-1.12.0.tgz
46 silly lockFile 361bacb6-dy-parser-body-parser-1-12-0-tgz https://registry.npmjs.org/body-parser/-/body-parser-1.12.0.tgz
47 silly lockFile 6c41bb2b-body-parser-1-12-0 body-parser@1.12.0
48 silly lockFile 6c41bb2b-body-parser-1-12-0 body-parser@1.12.0
49 silly lockFile 9f665704-body-parser body-parser@
50 silly lockFile 9f665704-body-parser body-parser@
51 error Error: EACCES, mkdir '/Users/mathieudeumie/.npm/body-parser/1.12.0'
51 error  { [Error: EACCES, mkdir '/Users/mathieudeumie/.npm/body-parser/1.12.0']
51 error   errno: 3,
51 error   code: 'EACCES',
51 error   path: '/Users/mathieudeumie/.npm/body-parser/1.12.0',
51 error   parent: 'restapi' }
52 error Please try running this command again as root/Administrator.
53 error System Darwin 14.1.0
54 error command "node" "/usr/local/bin/npm" "install" "body-parser" "--save"
55 error cwd /Users/mathieudeumie/Projets/Github/restapi
56 error node -v v0.10.32
57 error npm -v 1.4.28
58 error path /Users/mathieudeumie/.npm/body-parser/1.12.0
59 error code EACCES
60 error errno 3
61 error stack Error: EACCES, mkdir '/Users/mathieudeumie/.npm/body-parser/1.12.0'
62 verbose exit [ 3, true ]
